Unsupposrted library path: C:\Users\vovan\MCreatorWorkspaces\freshmusic\build\classes\java\api
Unsupposrted library path: C:\Users\vovan\MCreatorWorkspaces\freshmusic\build\resources\api
Symbol range map extraction starting
Processing 11 files
startProcessing "net/freshmusic/ClientProxyFreshmusic.java" md5: eef3244c1f8ec8ea72bc82e078047e79
endProcessing "net/freshmusic/ClientProxyFreshmusic.java"

startProcessing "net/freshmusic/ElementsFreshmusic.java" md5: 86a7472e553b4abd4414e20c076a0609
endProcessing "net/freshmusic/ElementsFreshmusic.java"

startProcessing "net/freshmusic/Freshmusic.java" md5: 5b3c87e533111fa58889671ee60802d0
endProcessing "net/freshmusic/Freshmusic.java"

startProcessing "net/freshmusic/FreshmusicVariables.java" md5: 49efd597178cefad15aae54792c8d555
endProcessing "net/freshmusic/FreshmusicVariables.java"

startProcessing "net/freshmusic/IProxyFreshmusic.java" md5: efcca2284688c335dbbb0c74ad92974a
endProcessing "net/freshmusic/IProxyFreshmusic.java"

startProcessing "net/freshmusic/ServerProxyFreshmusic.java" md5: b767efd962171ccba44090dc9110dfa7
endProcessing "net/freshmusic/ServerProxyFreshmusic.java"

startProcessing "net/freshmusic/block/BlockPlaybox.java" md5: d155c7a25634ef7b90a6147effd88e5e
endProcessing "net/freshmusic/block/BlockPlaybox.java"

startProcessing "net/freshmusic/creativetab/TabFreshmusictab.java" md5: d8c8fa07813e70e998f684f668fad88b
endProcessing "net/freshmusic/creativetab/TabFreshmusictab.java"

startProcessing "net/freshmusic/gui/GuiPlayboxgui.java" md5: 4a75d1dbde27775f47e1917a305edaa7
endProcessing "net/freshmusic/gui/GuiPlayboxgui.java"

startProcessing "net/freshmusic/item/ItemSamplekasseta.java" md5: e1829ee9378662accfd29d44b1d8eb8e
endProcessing "net/freshmusic/item/ItemSamplekasseta.java"

startProcessing "net/freshmusic/procedure/ProcedureSamplekcreated.java" md5: 3e4e403e8dd6fe8edb0e74820a9c61b7
endProcessing "net/freshmusic/procedure/ProcedureSamplekcreated.java"

