Processing 11 files
Start Processing: net/freshmusic/ClientProxyFreshmusic.java
Import: net.minecraftforge.fml.common.event.FMLServerStartingEvent
Import: net.minecraftforge.fml.common.event.FMLPreInitializationEvent
Import: net.minecraftforge.fml.common.event.FMLPostInitializationEvent
Import: net.minecraftforge.fml.common.event.FMLInitializationEvent
Import: net.minecraftforge.client.model.obj.OBJLoader
End  Processing: net/freshmusic/ClientProxyFreshmusic.java

Start Processing: net/freshmusic/ElementsFreshmusic.java
FOUND CONSTR method net/freshmusic/ElementsFreshmusic/ElementsFreshmusic ()V net/freshmusic/ElementsFreshmusic
New Key: class net/minecraftforge/fml/common/discovery/ASMDataTable
New Key: class net/freshmusic/ElementsFreshmusic/ModElement
New Key: class net/freshmusic/ElementsFreshmusic
New Key: class net/freshmusic/ElementsFreshmusic
New Key: class net/freshmusic/ElementsFreshmusic
New Key: class net/freshmusic/FreshmusicVariables
New Key: class net/freshmusic/FreshmusicVariables
New Key: class net/minecraftforge/event/RegistryEvent
New Key: class java/util/Map
Rename field net/minecraft/world/World/provider[3710,3718]::provider->field_73011_w
Rename field net/minecraft/entity/Entity/world[4099,4104]::world->field_70170_p
Rename field net/minecraft/world/World/isRemote[4113,4121]::isRemote->field_72995_K
New Key: class net/freshmusic/FreshmusicVariables
Rename field net/minecraft/entity/Entity/world[4209,4214]::world->field_70170_p
New Key: class net/freshmusic/FreshmusicVariables
Rename field net/minecraft/entity/Entity/world[4308,4313]::world->field_70170_p
New Key: class net/freshmusic/FreshmusicVariables
New Key: class net/freshmusic/FreshmusicVariables
Rename field net/minecraft/entity/Entity/world[4822,4827]::world->field_70170_p
Rename field net/minecraft/world/World/isRemote[4836,4844]::isRemote->field_72995_K
New Key: class net/freshmusic/FreshmusicVariables
Rename field net/minecraft/entity/Entity/world[4936,4941]::world->field_70170_p
New Key: class net/freshmusic/FreshmusicVariables
New Key: class net/freshmusic/gui/GuiPlayboxgui
New Key: class net/freshmusic/gui/GuiPlayboxgui
FOUND CONSTR method net/freshmusic/ElementsFreshmusic/ModElement/ModElement (Lnet/freshmusic/ElementsFreshmusic;I)V net/freshmusic/ElementsFreshmusic/ModElement
Import: net.minecraftforge.fml.relauncher.Side
Import: net.minecraftforge.fml.common.registry.EntityEntry
Import: net.minecraftforge.fml.common.network.simpleimpl.IMessageHandler
Import: net.minecraftforge.fml.common.network.simpleimpl.IMessage
Import: net.minecraftforge.fml.common.network.IGuiHandler
Import: net.minecraftforge.fml.common.eventhandler.SubscribeEvent
Import: net.minecraftforge.fml.common.event.FMLServerStartingEvent
Import: net.minecraftforge.fml.common.event.FMLPreInitializationEvent
Import: net.minecraftforge.fml.common.event.FMLInitializationEvent
Import: net.minecraftforge.fml.common.discovery.ASMDataTable
Import: net.minecraftforge.fml.common.IWorldGenerator
Import: net.minecraftforge.fml.common.IFuelHandler
Import: net.minecraftforge.event.RegistryEvent
Import: net.minecraftforge.client.event.ModelRegistryEvent
Import: net.minecraft.world.storage.WorldSavedData
Import: net.minecraft.world.gen.IChunkGenerator
Import: net.minecraft.world.chunk.IChunkProvider
Import: net.minecraft.world.biome.Biome
Import: net.minecraft.world.World
Import: net.minecraft.util.ResourceLocation
Import: net.minecraft.potion.Potion
Import: net.minecraft.item.ItemStack
Import: net.minecraft.item.Item
Import: net.minecraft.entity.player.EntityPlayerMP
Import: net.minecraft.entity.player.EntityPlayer
Import: net.minecraft.block.Block
Import: net.freshmusic.gui.GuiPlayboxgui
Import: java.util.function.Supplier
Import: java.util.Random
Import: java.util.Map
Import: java.util.List
Import: java.util.HashMap
Import: java.util.Collections
Import: java.util.ArrayList
Import: java.lang.annotation.RetentionPolicy
Import: java.lang.annotation.Retention
End  Processing: net/freshmusic/ElementsFreshmusic.java

Start Processing: net/freshmusic/Freshmusic.java
New Key: class net/minecraftforge/fml/common/Mod
New Key: class net/minecraftforge/fml/common/Mod
New Key: class net/freshmusic/ElementsFreshmusic
New Key: class net/minecraftforge/fml/common/Mod
New Key: class net/minecraftforge/fml/common/Mod
New Key: class net/minecraftforge/fml/common/Mod
New Key: class net/minecraftforge/event/RegistryEvent
New Key: class net/minecraftforge/event/RegistryEvent
New Key: class net/minecraftforge/event/RegistryEvent
New Key: class net/minecraftforge/event/RegistryEvent
New Key: class net/minecraftforge/event/RegistryEvent
New Key: class net/minecraftforge/event/RegistryEvent
Import: net.minecraftforge.fml.relauncher.SideOnly
Import: net.minecraftforge.fml.relauncher.Side
Import: net.minecraftforge.fml.common.registry.GameRegistry
Import: net.minecraftforge.fml.common.registry.EntityEntry
Import: net.minecraftforge.fml.common.network.simpleimpl.SimpleNetworkWrapper
Import: net.minecraftforge.fml.common.network.NetworkRegistry
Import: net.minecraftforge.fml.common.eventhandler.SubscribeEvent
Import: net.minecraftforge.fml.common.event.FMLServerStartingEvent
Import: net.minecraftforge.fml.common.event.FMLPreInitializationEvent
Import: net.minecraftforge.fml.common.event.FMLPostInitializationEvent
Import: net.minecraftforge.fml.common.event.FMLInitializationEvent
Import: net.minecraftforge.fml.common.SidedProxy
Import: net.minecraftforge.fml.common.Mod
Import: net.minecraftforge.fluids.FluidRegistry
Import: net.minecraftforge.event.RegistryEvent
Import: net.minecraftforge.common.MinecraftForge
Import: net.minecraftforge.client.event.ModelRegistryEvent
Import: net.minecraft.world.biome.Biome
Import: net.minecraft.potion.Potion
Import: net.minecraft.item.Item
Import: net.minecraft.block.Block
Import: java.util.function.Supplier
End  Processing: net/freshmusic/Freshmusic.java

Start Processing: net/freshmusic/FreshmusicVariables.java
FOUND CONSTR method net/freshmusic/FreshmusicVariables/MapVariables/MapVariables ()V net/freshmusic/FreshmusicVariables/MapVariables
FOUND CONSTR method net/freshmusic/FreshmusicVariables/MapVariables/MapVariables (Ljava/lang/String;)V net/freshmusic/FreshmusicVariables/MapVariables
Rename method net/minecraft/world/storage/WorldSavedData/readFromNBT (Lnet/minecraft/nbt/NBTTagCompound;)V[821,832]::readFromNBT->func_76184_a
Rename method net/minecraft/world/storage/WorldSavedData/writeToNBT (Lnet/minecraft/nbt/NBTTagCompound;)Lnet/minecraft/nbt/NBTTagCompound;[901,911]::writeToNBT->func_189551_b
Rename method net/minecraft/world/storage/WorldSavedData/markDirty ()V[1008,1017]::markDirty->func_76185_a
Rename field net/minecraft/world/World/isRemote[1038,1046]::isRemote->field_72995_K
Rename method net/minecraft/world/World/getMapStorage ()Lnet/minecraft/world/storage/MapStorage;[1346,1359]::getMapStorage->func_175693_T
Rename method net/minecraft/world/storage/MapStorage/getOrLoadData (Ljava/lang/Class;Ljava/lang/String;)Lnet/minecraft/world/storage/WorldSavedData;[1362,1375]::getOrLoadData->func_75742_a
Rename method net/minecraft/world/World/getMapStorage ()Lnet/minecraft/world/storage/MapStorage;[1482,1495]::getMapStorage->func_175693_T
Rename method net/minecraft/world/storage/MapStorage/setData (Ljava/lang/String;Lnet/minecraft/world/storage/WorldSavedData;)V[1498,1505]::setData->func_75745_a
FOUND CONSTR method net/freshmusic/FreshmusicVariables/WorldVariables/WorldVariables ()V net/freshmusic/FreshmusicVariables/WorldVariables
FOUND CONSTR method net/freshmusic/FreshmusicVariables/WorldVariables/WorldVariables (Ljava/lang/String;)V net/freshmusic/FreshmusicVariables/WorldVariables
Rename method net/minecraft/world/storage/WorldSavedData/readFromNBT (Lnet/minecraft/nbt/NBTTagCompound;)V[1843,1854]::readFromNBT->func_76184_a
Rename method net/minecraft/world/storage/WorldSavedData/writeToNBT (Lnet/minecraft/nbt/NBTTagCompound;)Lnet/minecraft/nbt/NBTTagCompound;[1923,1933]::writeToNBT->func_189551_b
Rename method net/minecraft/world/storage/WorldSavedData/markDirty ()V[2030,2039]::markDirty->func_76185_a
Rename field net/minecraft/world/World/isRemote[2060,2068]::isRemote->field_72995_K
Rename field net/minecraft/world/World/provider[2268,2276]::provider->field_73011_w
Rename method net/minecraft/world/storage/MapStorage/getOrLoadData (Ljava/lang/Class;Ljava/lang/String;)Lnet/minecraft/world/storage/WorldSavedData;[2437,2450]::getOrLoadData->func_75742_a
Rename method net/minecraft/world/storage/MapStorage/setData (Ljava/lang/String;Lnet/minecraft/world/storage/WorldSavedData;)V[2582,2589]::setData->func_75745_a
Rename field net/minecraft/network/NetHandlerPlayServer/player[2948,2954]::player->field_147369_b
Rename method net/minecraft/entity/player/EntityPlayerMP/getServerWorld ()Lnet/minecraft/world/WorldServer;[2963,2977]::getServerWorld->func_71121_q
Rename method net/minecraft/util/IThreadListener/addScheduledTask (Ljava/lang/Runnable;)Lcom/google/common/util/concurrent/ListenableFuture;[2986,3002]::addScheduledTask->func_152344_a
Rename field net/minecraft/network/NetHandlerPlayServer/player[3060,3066]::player->field_147369_b
Rename field net/minecraft/entity/Entity/world[3075,3080]::world->field_70170_p
Rename method net/minecraft/client/Minecraft/getMinecraft ()Lnet/minecraft/client/Minecraft;[3116,3128]::getMinecraft->func_71410_x
Rename method net/minecraft/util/IThreadListener/addScheduledTask (Ljava/lang/Runnable;)Lcom/google/common/util/concurrent/ListenableFuture;[3131,3147]::addScheduledTask->func_152344_a
Rename method net/minecraft/client/Minecraft/getMinecraft ()Lnet/minecraft/client/Minecraft;[3188,3200]::getMinecraft->func_71410_x
Rename field net/minecraft/client/Minecraft/player[3203,3209]::player->field_71439_g
Rename field net/minecraft/entity/Entity/world[3217,3222]::world->field_70170_p
Rename method net/minecraft/world/storage/WorldSavedData/markDirty ()V[3414,3423]::markDirty->func_76185_a
Rename field net/minecraft/world/World/provider[3583,3591]::provider->field_73011_w
Rename method net/minecraft/world/World/getMapStorage ()Lnet/minecraft/world/storage/MapStorage;[3660,3673]::getMapStorage->func_175693_T
Rename method net/minecraft/world/storage/MapStorage/setData (Ljava/lang/String;Lnet/minecraft/world/storage/WorldSavedData;)V[3676,3683]::setData->func_75745_a
Rename method net/minecraft/world/storage/MapStorage/setData (Ljava/lang/String;Lnet/minecraft/world/storage/WorldSavedData;)V[3773,3780]::setData->func_75745_a
FOUND CONSTR method net/freshmusic/FreshmusicVariables/WorldSavedDataSyncMessage/WorldSavedDataSyncMessage ()V net/freshmusic/FreshmusicVariables/WorldSavedDataSyncMessage
FOUND CONSTR method net/freshmusic/FreshmusicVariables/WorldSavedDataSyncMessage/WorldSavedDataSyncMessage (ILnet/minecraft/world/storage/WorldSavedData;)V net/freshmusic/FreshmusicVariables/WorldSavedDataSyncMessage
Rename method net/minecraft/world/storage/WorldSavedData/writeToNBT (Lnet/minecraft/nbt/NBTTagCompound;)Lnet/minecraft/nbt/NBTTagCompound;[4269,4279]::writeToNBT->func_189551_b
Rename method net/minecraft/world/storage/WorldSavedData/readFromNBT (Lnet/minecraft/nbt/NBTTagCompound;)V[4537,4548]::readFromNBT->func_76184_a
Import: net.minecraftforge.fml.relauncher.Side
Import: net.minecraftforge.fml.common.network.simpleimpl.MessageContext
Import: net.minecraftforge.fml.common.network.simpleimpl.IMessageHandler
Import: net.minecraftforge.fml.common.network.simpleimpl.IMessage
Import: net.minecraftforge.fml.common.network.ByteBufUtils
Import: net.minecraft.world.storage.WorldSavedData
Import: net.minecraft.world.World
Import: net.minecraft.nbt.NBTTagCompound
Import: net.minecraft.client.Minecraft
End  Processing: net/freshmusic/FreshmusicVariables.java

Start Processing: net/freshmusic/IProxyFreshmusic.java
Import: net.minecraftforge.fml.common.event.FMLServerStartingEvent
Import: net.minecraftforge.fml.common.event.FMLPreInitializationEvent
Import: net.minecraftforge.fml.common.event.FMLPostInitializationEvent
Import: net.minecraftforge.fml.common.event.FMLInitializationEvent
End  Processing: net/freshmusic/IProxyFreshmusic.java

Start Processing: net/freshmusic/ServerProxyFreshmusic.java
Import: net.minecraftforge.fml.common.event.FMLServerStartingEvent
Import: net.minecraftforge.fml.common.event.FMLPreInitializationEvent
Import: net.minecraftforge.fml.common.event.FMLPostInitializationEvent
Import: net.minecraftforge.fml.common.event.FMLInitializationEvent
End  Processing: net/freshmusic/ServerProxyFreshmusic.java

Start Processing: net/freshmusic/block/BlockPlaybox.java
New Key: class net/freshmusic/ElementsFreshmusic
New Key: class net/freshmusic/ElementsFreshmusic
New Key: class net/minecraftforge/fml/common/registry/GameRegistry
FOUND CONSTR method net/freshmusic/block/BlockPlaybox/BlockPlaybox (Lnet/freshmusic/ElementsFreshmusic;)V net/freshmusic/block/BlockPlaybox
Rename method net/minecraft/item/Item/getItemFromBlock (Lnet/minecraft/block/Block;)Lnet/minecraft/item/Item;[2861,2877]::getItemFromBlock->func_150898_a
Rename field net/minecraft/block/BlockHorizontal/FACING[3100,3106]::FACING->field_185512_D
FOUND CONSTR method net/freshmusic/block/BlockPlaybox/BlockCustom/BlockCustom ()V net/freshmusic/block/BlockPlaybox/BlockCustom
Rename field net/minecraft/block/material/Material/IRON[3161,3165]::IRON->field_151573_f
Rename method net/minecraft/block/Block/setUnlocalizedName (Ljava/lang/String;)Lnet/minecraft/block/Block;[3182,3200]::setUnlocalizedName->func_149663_c
Rename method net/minecraft/block/Block/setSoundType (Lnet/minecraft/block/SoundType;)Lnet/minecraft/block/Block;[3212,3224]::setSoundType->func_149672_a
Rename field net/minecraft/block/SoundType/METAL[3236,3241]::METAL->field_185852_e
Rename method net/minecraft/block/Block/setHardness (F)Lnet/minecraft/block/Block;[3257,3268]::setHardness->func_149711_c
Rename method net/minecraft/block/Block/setResistance (F)Lnet/minecraft/block/Block;[3280,3293]::setResistance->func_149752_b
Rename method net/minecraft/block/Block/setLightLevel (F)Lnet/minecraft/block/Block;[3304,3317]::setLightLevel->func_149715_a
Rename method net/minecraft/block/Block/setLightOpacity (I)Lnet/minecraft/block/Block;[3327,3342]::setLightOpacity->func_149713_g
Rename method net/minecraft/block/Block/setCreativeTab (Lnet/minecraft/creativetab/CreativeTabs;)Lnet/minecraft/block/Block;[3349,3363]::setCreativeTab->func_149647_a
Rename method net/minecraft/block/Block/setDefaultState (Lnet/minecraft/block/state/IBlockState;)V[3395,3410]::setDefaultState->func_180632_j
Rename field net/minecraft/block/Block/blockState[3414,3424]::blockState->field_176227_L
Rename method net/minecraft/block/state/BlockStateContainer/getBaseState ()Lnet/minecraft/block/state/IBlockState;[3429,3441]::getBaseState->func_177621_b
Rename method net/minecraft/block/state/IBlockState/withProperty (Lnet/minecraft/block/properties/IProperty;Ljava/lang/Comparable;)Lnet/minecraft/block/state/IBlockState;[3445,3457]::withProperty->func_177226_a
Rename method net/minecraft/block/Block/createBlockState ()Lnet/minecraft/block/state/BlockStateContainer;[3566,3582]::createBlockState->func_180661_e
Rename method net/minecraft/block/Block/withRotation (Lnet/minecraft/block/state/IBlockState;Lnet/minecraft/util/Rotation;)Lnet/minecraft/block/state/IBlockState;[3719,3731]::withRotation->func_185499_a
Rename method net/minecraft/block/state/IBlockState/withProperty (Lnet/minecraft/block/properties/IProperty;Ljava/lang/Comparable;)Lnet/minecraft/block/state/IBlockState;[3785,3797]::withProperty->func_177226_a
Rename method net/minecraft/util/Rotation/rotate (Lnet/minecraft/util/EnumFacing;)Lnet/minecraft/util/EnumFacing;[3811,3817]::rotate->func_185831_a
Rename method net/minecraft/block/state/IBlockState/getValue (Lnet/minecraft/block/properties/IProperty;)Ljava/lang/Comparable;[3844,3852]::getValue->func_177229_b
Rename method net/minecraft/block/Block/withMirror (Lnet/minecraft/block/state/IBlockState;Lnet/minecraft/util/Mirror;)Lnet/minecraft/block/state/IBlockState;[3911,3921]::withMirror->func_185471_a
Rename method net/minecraft/block/state/IBlockProperties/withRotation (Lnet/minecraft/util/Rotation;)Lnet/minecraft/block/state/IBlockState;[3980,3992]::withRotation->func_185907_a
Rename method net/minecraft/util/Mirror/toRotation (Lnet/minecraft/util/EnumFacing;)Lnet/minecraft/util/Rotation;[4003,4013]::toRotation->func_185800_a
Rename method net/minecraft/block/state/IBlockState/getValue (Lnet/minecraft/block/properties/IProperty;)Ljava/lang/Comparable;[4036,4044]::getValue->func_177229_b
Rename method net/minecraft/block/Block/getStateFromMeta (I)Lnet/minecraft/block/state/IBlockState;[4103,4119]::getStateFromMeta->func_176203_a
Rename method net/minecraft/block/Block/getDefaultState ()Lnet/minecraft/block/state/IBlockState;[4145,4160]::getDefaultState->func_176223_P
Rename method net/minecraft/block/state/IBlockState/withProperty (Lnet/minecraft/block/properties/IProperty;Ljava/lang/Comparable;)Lnet/minecraft/block/state/IBlockState;[4161,4173]::withProperty->func_177226_a
Rename method net/minecraft/util/EnumFacing/getFront (I)Lnet/minecraft/util/EnumFacing;[4194,4202]::getFront->func_82600_a
Rename method net/minecraft/block/Block/getMetaFromState (Lnet/minecraft/block/state/IBlockState;)I[4249,4265]::getMetaFromState->func_176201_c
Rename method net/minecraft/block/state/IBlockState/getValue (Lnet/minecraft/block/properties/IProperty;)Ljava/lang/Comparable;[4315,4323]::getValue->func_177229_b
Rename method net/minecraft/util/EnumFacing/getIndex ()I[4338,4346]::getIndex->func_176745_a
Rename method net/minecraft/block/Block/getStateForPlacement (Lnet/minecraft/world/World;Lnet/minecraft/util/math/BlockPos;Lnet/minecraft/util/EnumFacing;FFFILnet/minecraft/entity/EntityLivingBase;)Lnet/minecraft/block/state/IBlockState;[4397,4417]::getStateForPlacement->func_180642_a
Rename method net/minecraft/block/Block/getDefaultState ()Lnet/minecraft/block/state/IBlockState;[4553,4568]::getDefaultState->func_176223_P
Rename method net/minecraft/block/state/IBlockState/withProperty (Lnet/minecraft/block/properties/IProperty;Ljava/lang/Comparable;)Lnet/minecraft/block/state/IBlockState;[4569,4581]::withProperty->func_177226_a
Rename method net/minecraft/entity/Entity/getHorizontalFacing ()Lnet/minecraft/util/EnumFacing;[4598,4617]::getHorizontalFacing->func_174811_aO
Rename method net/minecraft/util/EnumFacing/getOpposite ()Lnet/minecraft/util/EnumFacing;[4615,4626]::getOpposite->func_176734_d
Rename method net/minecraft/block/Block/isOpaqueCube (Lnet/minecraft/block/state/IBlockState;)Z[4671,4683]::isOpaqueCube->func_149662_c
Rename method net/minecraft/block/Block/getBlockFaceShape (Lnet/minecraft/world/IBlockAccess;Lnet/minecraft/block/state/IBlockState;Lnet/minecraft/util/math/BlockPos;Lnet/minecraft/util/EnumFacing;)Lnet/minecraft/block/state/BlockFaceShape;[4769,4786]::getBlockFaceShape->func_193383_a
Rename method net/minecraft/block/ITileEntityProvider/createNewTileEntity (Lnet/minecraft/world/World;I)Lnet/minecraft/tileentity/TileEntity;[4930,4949]::createNewTileEntity->func_149915_a
Rename method net/minecraft/block/Block/eventReceived (Lnet/minecraft/block/state/IBlockState;Lnet/minecraft/world/World;Lnet/minecraft/util/math/BlockPos;II)Z[5044,5057]::eventReceived->func_189539_a
Rename method net/minecraft/block/Block/eventReceived (Lnet/minecraft/block/state/IBlockState;Lnet/minecraft/world/World;Lnet/minecraft/util/math/BlockPos;II)Z[5147,5160]::eventReceived->func_189539_a
Rename method net/minecraft/world/IBlockAccess/getTileEntity (Lnet/minecraft/util/math/BlockPos;)Lnet/minecraft/tileentity/TileEntity;[5240,5253]::getTileEntity->func_175625_s
Rename method net/minecraft/tileentity/TileEntity/receiveClientEvent (II)Z[5311,5329]::receiveClientEvent->func_145842_c
Rename method net/minecraft/block/Block/getRenderType (Lnet/minecraft/block/state/IBlockState;)Lnet/minecraft/util/EnumBlockRenderType;[5397,5410]::getRenderType->func_149645_b
Rename method net/minecraft/block/Block/breakBlock (Lnet/minecraft/world/World;Lnet/minecraft/util/math/BlockPos;Lnet/minecraft/block/state/IBlockState;)V[5505,5515]::breakBlock->func_180663_b
Rename method net/minecraft/world/IBlockAccess/getTileEntity (Lnet/minecraft/util/math/BlockPos;)Lnet/minecraft/tileentity/TileEntity;[5601,5614]::getTileEntity->func_175625_s
Rename method net/minecraft/inventory/InventoryHelper/dropInventoryItems (Lnet/minecraft/world/World;Lnet/minecraft/util/math/BlockPos;Lnet/minecraft/inventory/IInventory;)V[5690,5708]::dropInventoryItems->func_180175_a
Rename method net/minecraft/world/World/removeTileEntity (Lnet/minecraft/util/math/BlockPos;)V[5758,5774]::removeTileEntity->func_175713_t
Rename method net/minecraft/block/Block/breakBlock (Lnet/minecraft/world/World;Lnet/minecraft/util/math/BlockPos;Lnet/minecraft/block/state/IBlockState;)V[5788,5798]::breakBlock->func_180663_b
Rename method net/minecraft/block/Block/onBlockActivated (Lnet/minecraft/world/World;Lnet/minecraft/util/math/BlockPos;Lnet/minecraft/block/state/IBlockState;Lnet/minecraft/entity/player/EntityPlayer;Lnet/minecraft/util/EnumHand;Lnet/minecraft/util/EnumFacing;FFF)Z[5860,5876]::onBlockActivated->func_180639_a
Rename method net/minecraft/block/Block/onBlockActivated (Lnet/minecraft/world/World;Lnet/minecraft/util/math/BlockPos;Lnet/minecraft/block/state/IBlockState;Lnet/minecraft/entity/player/EntityPlayer;Lnet/minecraft/util/EnumHand;Lnet/minecraft/util/EnumFacing;FFF)Z[6031,6047]::onBlockActivated->func_180639_a
Rename method net/minecraft/util/math/Vec3i/getX ()I[6124,6128]::getX->func_177958_n
Rename method net/minecraft/util/math/Vec3i/getY ()I[6157,6161]::getY->func_177956_o
Rename method net/minecraft/util/math/Vec3i/getZ ()I[6190,6194]::getZ->func_177952_p
Rename method net/minecraft/util/NonNullList/withSize (ILjava/lang/Object;)Lnet/minecraft/util/NonNullList;[6517,6525]::withSize->func_191197_a
Rename field net/minecraft/item/ItemStack/EMPTY[6544,6549]::EMPTY->field_190927_a
Rename method net/minecraft/inventory/IInventory/getSizeInventory ()I[6588,6604]::getSizeInventory->func_70302_i_
Rename method net/minecraft/inventory/IInventory/isEmpty ()Z[6658,6665]::isEmpty->func_191420_l
Rename method net/minecraft/item/ItemStack/isEmpty ()Z[6740,6747]::isEmpty->func_190926_b
Rename method net/minecraft/inventory/IInventory/isItemValidForSlot (ILnet/minecraft/item/ItemStack;)Z[6832,6850]::isItemValidForSlot->func_94041_b
Rename method net/minecraft/inventory/IInventory/getStackInSlot (I)Lnet/minecraft/item/ItemStack;[6932,6946]::getStackInSlot->func_70301_a
Rename method net/minecraft/world/IWorldNameable/getName ()Ljava/lang/String;[7023,7030]::getName->func_70005_c_
Rename method net/minecraft/tileentity/TileEntity/readFromNBT (Lnet/minecraft/nbt/NBTTagCompound;)V[7108,7119]::readFromNBT->func_145839_a
Rename method net/minecraft/tileentity/TileEntity/readFromNBT (Lnet/minecraft/nbt/NBTTagCompound;)V[7159,7170]::readFromNBT->func_145839_a
Rename method net/minecraft/util/NonNullList/withSize (ILjava/lang/Object;)Lnet/minecraft/util/NonNullList;[7225,7233]::withSize->func_191197_a
Rename method net/minecraft/inventory/IInventory/getSizeInventory ()I[7244,7260]::getSizeInventory->func_70302_i_
Rename field net/minecraft/item/ItemStack/EMPTY[7271,7276]::EMPTY->field_190927_a
Rename method net/minecraft/tileentity/TileEntityLockableLoot/checkLootAndRead (Lnet/minecraft/nbt/NBTTagCompound;)Z[7302,7318]::checkLootAndRead->func_184283_b
Rename method net/minecraft/inventory/ItemStackHelper/loadAllItems (Lnet/minecraft/nbt/NBTTagCompound;Lnet/minecraft/util/NonNullList;)V[7348,7360]::loadAllItems->func_191283_b
Rename method net/minecraft/tileentity/TileEntity/writeToNBT (Lnet/minecraft/nbt/NBTTagCompound;)Lnet/minecraft/nbt/NBTTagCompound;[7431,7441]::writeToNBT->func_189515_b
Rename method net/minecraft/tileentity/TileEntity/writeToNBT (Lnet/minecraft/nbt/NBTTagCompound;)Lnet/minecraft/nbt/NBTTagCompound;[7482,7492]::writeToNBT->func_189515_b
Rename method net/minecraft/tileentity/TileEntityLockableLoot/checkLootAndWrite (Lnet/minecraft/nbt/NBTTagCompound;)Z[7521,7538]::checkLootAndWrite->func_184282_c
Rename method net/minecraft/inventory/ItemStackHelper/saveAllItems (Lnet/minecraft/nbt/NBTTagCompound;Lnet/minecraft/util/NonNullList;)Lnet/minecraft/nbt/NBTTagCompound;[7567,7579]::saveAllItems->func_191282_a
Rename method net/minecraft/tileentity/TileEntity/getUpdatePacket ()Lnet/minecraft/network/play/server/SPacketUpdateTileEntity;[7680,7695]::getUpdatePacket->func_189518_D_
Rename field net/minecraft/tileentity/TileEntity/pos[7743,7746]::pos->field_174879_c
Rename method net/minecraft/tileentity/TileEntity/getUpdateTag ()Lnet/minecraft/nbt/NBTTagCompound;[7767,7779]::getUpdateTag->func_189517_E_
Rename method net/minecraft/tileentity/TileEntity/getUpdateTag ()Lnet/minecraft/nbt/NBTTagCompound;[7831,7843]::getUpdateTag->func_189517_E_
Rename method net/minecraft/tileentity/TileEntity/writeToNBT (Lnet/minecraft/nbt/NBTTagCompound;)Lnet/minecraft/nbt/NBTTagCompound;[7866,7876]::writeToNBT->func_189515_b
Rename method net/minecraft/tileentity/TileEntity/readFromNBT (Lnet/minecraft/nbt/NBTTagCompound;)V[8011,8022]::readFromNBT->func_145839_a
Rename method net/minecraft/network/play/server/SPacketUpdateTileEntity/getNbtCompound ()Lnet/minecraft/nbt/NBTTagCompound;[8029,8043]::getNbtCompound->func_148857_g
Rename method net/minecraft/tileentity/TileEntity/readFromNBT (Lnet/minecraft/nbt/NBTTagCompound;)V[8129,8140]::readFromNBT->func_145839_a
Rename method net/minecraft/inventory/IInventory/getInventoryStackLimit ()I[8183,8205]::getInventoryStackLimit->func_70297_j_
Rename method net/minecraft/world/IInteractionObject/getGuiID ()Ljava/lang/String;[8253,8261]::getGuiID->func_174875_k
Rename method net/minecraft/world/IInteractionObject/createContainer (Lnet/minecraft/entity/player/InventoryPlayer;Lnet/minecraft/entity/player/EntityPlayer;)Lnet/minecraft/inventory/Container;[8344,8359]::createContainer->func_174876_a
New Key: class net/freshmusic/gui/GuiPlayboxgui
Rename method net/minecraft/tileentity/TileEntity/getWorld ()Lnet/minecraft/world/World;[8466,8474]::getWorld->func_145831_w
Rename method net/minecraft/tileentity/TileEntity/getPos ()Lnet/minecraft/util/math/BlockPos;[8488,8494]::getPos->func_174877_v
Rename method net/minecraft/util/math/Vec3i/getX ()I[8504,8508]::getX->func_177958_n
Rename method net/minecraft/tileentity/TileEntity/getPos ()Lnet/minecraft/util/math/BlockPos;[8526,8532]::getPos->func_174877_v
Rename method net/minecraft/util/math/Vec3i/getY ()I[8542,8546]::getY->func_177956_o
Rename method net/minecraft/tileentity/TileEntity/getPos ()Lnet/minecraft/util/math/BlockPos;[8564,8570]::getPos->func_174877_v
Rename method net/minecraft/util/math/Vec3i/getZ ()I[8580,8584]::getZ->func_177952_p
Rename method net/minecraft/tileentity/TileEntityLockableLoot/getItems ()Lnet/minecraft/util/NonNullList;[8664,8672]::getItems->func_190576_q
Import: net.minecraftforge.fml.relauncher.SideOnly
Import: net.minecraftforge.fml.relauncher.Side
Import: net.minecraftforge.fml.common.registry.GameRegistry
Import: net.minecraftforge.fml.common.event.FMLInitializationEvent
Import: net.minecraftforge.client.model.ModelLoader
Import: net.minecraftforge.client.event.ModelRegistryEvent
Import: net.minecraft.world.World
Import: net.minecraft.world.IBlockAccess
Import: net.minecraft.util.math.BlockPos
Import: net.minecraft.util.Rotation
Import: net.minecraft.util.NonNullList
Import: net.minecraft.util.Mirror
Import: net.minecraft.util.EnumHand
Import: net.minecraft.util.EnumFacing
Import: net.minecraft.util.EnumBlockRenderType
Import: net.minecraft.tileentity.TileEntityLockableLoot
Import: net.minecraft.tileentity.TileEntity
Import: net.minecraft.network.play.server.SPacketUpdateTileEntity
Import: net.minecraft.network.NetworkManager
Import: net.minecraft.nbt.NBTTagCompound
Import: net.minecraft.item.ItemStack
Import: net.minecraft.item.ItemBlock
Import: net.minecraft.item.Item
Import: net.minecraft.inventory.ItemStackHelper
Import: net.minecraft.inventory.InventoryHelper
Import: net.minecraft.inventory.Container
Import: net.minecraft.entity.player.InventoryPlayer
Import: net.minecraft.entity.player.EntityPlayer
Import: net.minecraft.entity.EntityLivingBase
Import: net.minecraft.client.renderer.block.model.ModelResourceLocation
Import: net.minecraft.block.state.IBlockState
Import: net.minecraft.block.state.BlockFaceShape
Import: net.minecraft.block.properties.PropertyDirection
Import: net.minecraft.block.properties.IProperty
Import: net.minecraft.block.material.Material
Import: net.minecraft.block.SoundType
Import: net.minecraft.block.ITileEntityProvider
Import: net.minecraft.block.BlockHorizontal
Import: net.minecraft.block.Block
Import: net.freshmusic.gui.GuiPlayboxgui
Import: net.freshmusic.creativetab.TabFreshmusictab
Import: net.freshmusic.Freshmusic
Import: net.freshmusic.ElementsFreshmusic
End  Processing: net/freshmusic/block/BlockPlaybox.java

Start Processing: net/freshmusic/creativetab/TabFreshmusictab.java
New Key: class net/freshmusic/ElementsFreshmusic
New Key: class net/freshmusic/ElementsFreshmusic
FOUND CONSTR method net/freshmusic/creativetab/TabFreshmusictab/TabFreshmusictab (Lnet/freshmusic/ElementsFreshmusic;)V net/freshmusic/creativetab/TabFreshmusictab
Rename method net/minecraft/creativetab/CreativeTabs/getTabIconItem ()Lnet/minecraft/item/ItemStack;[656,670]::getTabIconItem->func_78016_d
Rename field net/minecraft/init/Blocks/GRASS[706,711]::GRASS->field_150349_c
Import: net.minecraftforge.fml.relauncher.SideOnly
Import: net.minecraftforge.fml.relauncher.Side
Import: net.minecraft.item.ItemStack
Import: net.minecraft.init.Blocks
Import: net.minecraft.creativetab.CreativeTabs
Import: net.freshmusic.ElementsFreshmusic
End  Processing: net/freshmusic/creativetab/TabFreshmusictab.java

Start Processing: net/freshmusic/gui/GuiPlayboxgui.java
New Key: class net/freshmusic/ElementsFreshmusic
New Key: class net/freshmusic/ElementsFreshmusic
FOUND CONSTR method net/freshmusic/gui/GuiPlayboxgui/GuiPlayboxgui (Lnet/freshmusic/ElementsFreshmusic;)V net/freshmusic/gui/GuiPlayboxgui
FOUND CONSTR method net/freshmusic/gui/GuiPlayboxgui/GuiContainerMod/GuiContainerMod (Lnet/minecraft/world/World;IIILnet/minecraft/entity/player/EntityPlayer;)V net/freshmusic/gui/GuiPlayboxgui/GuiContainerMod
Rename method net/minecraft/world/IBlockAccess/getTileEntity (Lnet/minecraft/util/math/BlockPos;)Lnet/minecraft/tileentity/TileEntity;[2312,2325]::getTileEntity->func_175625_s
Rename method net/minecraft/inventory/Container/addSlotToContainer (Lnet/minecraft/inventory/Slot;)Lnet/minecraft/inventory/Slot;[2457,2475]::addSlotToContainer->func_75146_a
Rename method net/minecraft/inventory/Container/addSlotToContainer (Lnet/minecraft/inventory/Slot;)Lnet/minecraft/inventory/Slot;[2609,2627]::addSlotToContainer->func_75146_a
Rename field net/minecraft/entity/player/EntityPlayer/inventory[2638,2647]::inventory->field_71071_by
Rename method net/minecraft/inventory/Container/addSlotToContainer (Lnet/minecraft/inventory/Slot;)Lnet/minecraft/inventory/Slot;[2751,2769]::addSlotToContainer->func_75146_a
Rename field net/minecraft/entity/player/EntityPlayer/inventory[2780,2789]::inventory->field_71071_by
Rename method net/minecraft/inventory/Container/canInteractWith (Lnet/minecraft/entity/player/EntityPlayer;)Z[2934,2949]::canInteractWith->func_75145_c
Rename method net/minecraft/inventory/IInventory/isUsableByPlayer (Lnet/minecraft/entity/player/EntityPlayer;)Z[2990,3006]::isUsableByPlayer->func_70300_a
Rename method net/minecraft/inventory/Container/transferStackInSlot (Lnet/minecraft/entity/player/EntityPlayer;I)Lnet/minecraft/item/ItemStack;[3052,3071]::transferStackInSlot->func_82846_b
Rename field net/minecraft/item/ItemStack/EMPTY[3137,3142]::EMPTY->field_190927_a
Rename field net/minecraft/inventory/Container/inventorySlots[3181,3195]::inventorySlots->field_75151_b
Rename method net/minecraft/inventory/Slot/getHasStack ()Z[3236,3247]::getHasStack->func_75216_d
Rename method net/minecraft/inventory/Slot/getStack ()Lnet/minecraft/item/ItemStack;[3287,3295]::getStack->func_75211_c
Rename method net/minecraft/item/ItemStack/copy ()Lnet/minecraft/item/ItemStack;[3331,3335]::copy->func_77946_l
Rename method net/minecraft/inventory/Container/mergeItemStack (Lnet/minecraft/item/ItemStack;IIZ)Z[3385,3399]::mergeItemStack->func_75135_a
Rename field net/minecraft/inventory/Container/inventorySlots[3418,3432]::inventorySlots->field_75151_b
Rename field net/minecraft/item/ItemStack/EMPTY[3473,3478]::EMPTY->field_190927_a
Rename method net/minecraft/inventory/Slot/onSlotChange (Lnet/minecraft/item/ItemStack;Lnet/minecraft/item/ItemStack;)V[3508,3520]::onSlotChange->func_75220_a
Rename method net/minecraft/inventory/Container/mergeItemStack (Lnet/minecraft/item/ItemStack;IIZ)Z[3567,3581]::mergeItemStack->func_75135_a
Rename method net/minecraft/inventory/Container/mergeItemStack (Lnet/minecraft/item/ItemStack;IIZ)Z[3653,3667]::mergeItemStack->func_75135_a
Rename field net/minecraft/inventory/Container/inventorySlots[3691,3705]::inventorySlots->field_75151_b
Rename field net/minecraft/item/ItemStack/EMPTY[3747,3752]::EMPTY->field_190927_a
Rename method net/minecraft/inventory/Container/mergeItemStack (Lnet/minecraft/item/ItemStack;IIZ)Z[3804,3818]::mergeItemStack->func_75135_a
Rename field net/minecraft/item/ItemStack/EMPTY[3875,3880]::EMPTY->field_190927_a
Rename field net/minecraft/item/ItemStack/EMPTY[3931,3936]::EMPTY->field_190927_a
Rename method net/minecraft/item/ItemStack/getCount ()I[3974,3982]::getCount->func_190916_E
Rename method net/minecraft/inventory/Slot/putStack (Lnet/minecraft/item/ItemStack;)V[4009,4017]::putStack->func_75215_d
Rename field net/minecraft/item/ItemStack/EMPTY[4032,4037]::EMPTY->field_190927_a
Rename method net/minecraft/inventory/Slot/onSlotChanged ()V[4074,4087]::onSlotChanged->func_75218_e
Rename method net/minecraft/item/ItemStack/getCount ()I[4117,4125]::getCount->func_190916_E
Rename method net/minecraft/item/ItemStack/getCount ()I[4146,4154]::getCount->func_190916_E
Rename field net/minecraft/item/ItemStack/EMPTY[4188,4193]::EMPTY->field_190927_a
Rename method net/minecraft/inventory/Slot/onTake (Lnet/minecraft/entity/player/EntityPlayer;Lnet/minecraft/item/ItemStack;)Lnet/minecraft/item/ItemStack;[4221,4227]::onTake->func_190901_a
Rename method net/minecraft/inventory/Container/mergeItemStack (Lnet/minecraft/item/ItemStack;IIZ)Z[4650,4664]::mergeItemStack->func_75135_a
Rename method net/minecraft/item/ItemStack/isStackable ()Z[4859,4870]::isStackable->func_77985_e
Rename method net/minecraft/item/ItemStack/isEmpty ()Z[4896,4903]::isEmpty->func_190926_b
Rename field net/minecraft/inventory/Container/inventorySlots[5077,5091]::inventorySlots->field_75151_b
Rename method net/minecraft/inventory/Slot/getStack ()Lnet/minecraft/item/ItemStack;[5132,5140]::getStack->func_75211_c
Rename method net/minecraft/inventory/Slot/isItemValid (Lnet/minecraft/item/ItemStack;)Z[5163,5174]::isItemValid->func_75214_a
Rename method net/minecraft/item/ItemStack/isEmpty ()Z[5201,5208]::isEmpty->func_190926_b
Rename method net/minecraft/item/ItemStack/getItem ()Lnet/minecraft/item/Item;[5230,5237]::getItem->func_77973_b
Rename method net/minecraft/item/ItemStack/getItem ()Lnet/minecraft/item/Item;[5254,5261]::getItem->func_77973_b
Rename method net/minecraft/item/ItemStack/getHasSubtypes ()Z[5288,5302]::getHasSubtypes->func_77981_g
Rename method net/minecraft/item/ItemStack/getMetadata ()I[5312,5323]::getMetadata->func_77960_j
Rename method net/minecraft/item/ItemStack/getMetadata ()I[5340,5351]::getMetadata->func_77960_j
Rename method net/minecraft/item/ItemStack/areItemStackTagsEqual (Lnet/minecraft/item/ItemStack;Lnet/minecraft/item/ItemStack;)Z[5377,5398]::areItemStackTagsEqual->func_77970_a
Rename method net/minecraft/item/ItemStack/getCount ()I[5436,5444]::getCount->func_190916_E
Rename method net/minecraft/item/ItemStack/getCount ()I[5460,5468]::getCount->func_190916_E
Rename method net/minecraft/inventory/Slot/getSlotStackLimit ()I[5512,5529]::getSlotStackLimit->func_75219_a
Rename method net/minecraft/item/ItemStack/getMaxStackSize ()I[5534,5549]::getMaxStackSize->func_77976_d
Rename method net/minecraft/item/ItemStack/setCount (I)V[5592,5600]::setCount->func_190920_e
Rename method net/minecraft/item/ItemStack/setCount (I)V[5628,5636]::setCount->func_190920_e
Rename method net/minecraft/inventory/Slot/putStack (Lnet/minecraft/item/ItemStack;)V[5659,5667]::putStack->func_75215_d
Rename method net/minecraft/item/ItemStack/getCount ()I[5733,5741]::getCount->func_190916_E
Rename method net/minecraft/item/ItemStack/shrink (I)V[5776,5782]::shrink->func_190918_g
Rename method net/minecraft/item/ItemStack/getCount ()I[5810,5818]::getCount->func_190916_E
Rename method net/minecraft/item/ItemStack/setCount (I)V[5846,5854]::setCount->func_190920_e
Rename method net/minecraft/inventory/Slot/putStack (Lnet/minecraft/item/ItemStack;)V[5883,5891]::putStack->func_75215_d
Rename method net/minecraft/item/ItemStack/isEmpty ()Z[6051,6058]::isEmpty->func_190926_b
Rename field net/minecraft/inventory/Container/inventorySlots[6349,6363]::inventorySlots->field_75151_b
Rename method net/minecraft/inventory/Slot/getStack ()Lnet/minecraft/item/ItemStack;[6406,6414]::getStack->func_75211_c
Rename method net/minecraft/item/ItemStack/isEmpty ()Z[6443,6450]::isEmpty->func_190926_b
Rename method net/minecraft/inventory/Slot/isItemValid (Lnet/minecraft/item/ItemStack;)Z[6468,6479]::isItemValid->func_75214_a
Rename method net/minecraft/item/ItemStack/getCount ()I[6508,6516]::getCount->func_190916_E
Rename method net/minecraft/inventory/Slot/getSlotStackLimit ()I[6532,6549]::getSlotStackLimit->func_75219_a
Rename method net/minecraft/inventory/Slot/putStack (Lnet/minecraft/item/ItemStack;)V[6564,6572]::putStack->func_75215_d
Rename method net/minecraft/item/ItemStack/splitStack (I)Lnet/minecraft/item/ItemStack;[6583,6593]::splitStack->func_77979_a
Rename method net/minecraft/inventory/Slot/getSlotStackLimit ()I[6602,6619]::getSlotStackLimit->func_75219_a
Rename method net/minecraft/inventory/Slot/putStack (Lnet/minecraft/item/ItemStack;)V[6650,6658]::putStack->func_75215_d
Rename method net/minecraft/item/ItemStack/splitStack (I)Lnet/minecraft/item/ItemStack;[6669,6679]::splitStack->func_77979_a
Rename method net/minecraft/item/ItemStack/getCount ()I[6688,6696]::getCount->func_190916_E
Rename method net/minecraft/inventory/Slot/onSlotChanged ()V[6729,6742]::onSlotChanged->func_75218_e
Rename method net/minecraft/inventory/Container/onContainerClosed (Lnet/minecraft/entity/player/EntityPlayer;)V[6929,6946]::onContainerClosed->func_75134_a
Rename method net/minecraft/inventory/Container/onContainerClosed (Lnet/minecraft/entity/player/EntityPlayer;)V[6977,6994]::onContainerClosed->func_75134_a
Rename method net/minecraft/inventory/Container/clearContainer (Lnet/minecraft/entity/player/EntityPlayer;Lnet/minecraft/world/World;Lnet/minecraft/inventory/IInventory;)V[7099,7113]::clearContainer->func_193327_a
Rename field net/minecraft/entity/Entity/world[7132,7137]::world->field_70170_p
Rename field net/minecraft/world/World/isRemote[7275,7283]::isRemote->field_72995_K
FOUND CONSTR method net/freshmusic/gui/GuiPlayboxgui/GuiWindow/GuiWindow (Lnet/minecraft/world/World;IIILnet/minecraft/entity/player/EntityPlayer;)V net/freshmusic/gui/GuiPlayboxgui/GuiWindow
Rename field net/minecraft/client/gui/inventory/GuiContainer/xSize[7847,7852]::xSize->field_146999_f
Rename field net/minecraft/client/gui/inventory/GuiContainer/ySize[7878,7883]::ySize->field_147000_g
Rename method net/minecraft/client/gui/GuiScreen/drawScreen (IIF)V[8044,8054]::drawScreen->func_73863_a
Rename method net/minecraft/client/gui/GuiScreen/drawDefaultBackground ()V[8112,8133]::drawDefaultBackground->func_146276_q_
Rename method net/minecraft/client/gui/GuiScreen/drawScreen (IIF)V[8140,8150]::drawScreen->func_73863_a
Rename method net/minecraft/client/gui/inventory/GuiContainer/renderHoveredToolTip (II)V[8193,8213]::renderHoveredToolTip->func_191948_b
Rename method net/minecraft/client/gui/inventory/GuiContainer/drawGuiContainerBackgroundLayer (FII)V[8262,8293]::drawGuiContainerBackgroundLayer->func_146976_a
Rename field net/minecraft/client/gui/GuiScreen/mc[8363,8365]::mc->field_146297_k
Rename field net/minecraft/client/Minecraft/renderEngine[8378,8390]::renderEngine->field_71446_o
Rename method net/minecraft/client/renderer/texture/TextureManager/bindTexture (Lnet/minecraft/util/ResourceLocation;)V[8392,8403]::bindTexture->func_110577_a
Rename field net/minecraft/client/gui/GuiScreen/width[8434,8439]::width->field_146294_l
Rename field net/minecraft/client/gui/inventory/GuiContainer/xSize[8456,8461]::xSize->field_146999_f
Rename field net/minecraft/client/gui/GuiScreen/height[8495,8501]::height->field_146295_m
Rename field net/minecraft/client/gui/inventory/GuiContainer/ySize[8517,8522]::ySize->field_147000_g
Rename method net/minecraft/client/gui/Gui/drawTexturedModalRect (IIIIII)V[8547,8568]::drawTexturedModalRect->func_73729_b
Rename field net/minecraft/client/gui/inventory/GuiContainer/xSize[8577,8582]::xSize->field_146999_f
Rename field net/minecraft/client/gui/inventory/GuiContainer/ySize[8598,8603]::ySize->field_147000_g
Rename field net/minecraft/client/gui/Gui/zLevel[8619,8625]::zLevel->field_73735_i
Rename method net/minecraft/client/gui/GuiScreen/updateScreen ()V[8678,8690]::updateScreen->func_73876_c
Rename method net/minecraft/client/gui/GuiScreen/updateScreen ()V[8705,8717]::updateScreen->func_73876_c
Rename method net/minecraft/client/gui/GuiScreen/mouseClicked (III)V[8759,8771]::mouseClicked->func_73864_a
Rename method net/minecraft/client/gui/GuiScreen/mouseClicked (III)V[8844,8856]::mouseClicked->func_73864_a
Rename method net/minecraft/client/gui/GuiScreen/keyTyped (CI)V[8925,8933]::keyTyped->func_73869_a
Rename method net/minecraft/client/gui/GuiScreen/keyTyped (CI)V[8998,9006]::keyTyped->func_73869_a
Rename method net/minecraft/client/gui/inventory/GuiContainer/drawGuiContainerForegroundLayer (II)V[9070,9101]::drawGuiContainerForegroundLayer->func_146979_b
Rename field net/minecraft/client/gui/GuiScreen/fontRenderer[9115,9127]::fontRenderer->field_146289_q
Rename method net/minecraft/client/gui/FontRenderer/drawString (Ljava/lang/String;III)I[9130,9140]::drawString->func_78276_b
Rename method net/minecraft/client/gui/GuiScreen/onGuiClosed ()V[9202,9213]::onGuiClosed->func_146281_b
Rename method net/minecraft/client/gui/GuiScreen/onGuiClosed ()V[9230,9241]::onGuiClosed->func_146281_b
Rename method net/minecraft/client/gui/GuiScreen/initGui ()V[9322,9329]::initGui->func_73866_w_
Rename method net/minecraft/client/gui/GuiScreen/initGui ()V[9350,9357]::initGui->func_73866_w_
Rename field net/minecraft/client/gui/inventory/GuiContainer/guiLeft[9376,9383]::guiLeft->field_147003_i
Rename field net/minecraft/client/gui/GuiScreen/width[9399,9404]::width->field_146294_l
Rename field net/minecraft/client/gui/inventory/GuiContainer/guiTop[9435,9441]::guiTop->field_147009_r
Rename field net/minecraft/client/gui/GuiScreen/height[9458,9464]::height->field_146295_m
Rename field net/minecraft/client/gui/GuiScreen/buttonList[9533,9543]::buttonList->field_146292_n
Rename field net/minecraft/client/gui/GuiScreen/buttonList[9566,9576]::buttonList->field_146292_n
Rename field net/minecraft/client/gui/inventory/GuiContainer/guiLeft[9607,9614]::guiLeft->field_147003_i
Rename field net/minecraft/client/gui/inventory/GuiContainer/guiTop[9633,9639]::guiTop->field_147009_r
Rename field net/minecraft/client/gui/GuiScreen/buttonList[9688,9698]::buttonList->field_146292_n
Rename field net/minecraft/client/gui/inventory/GuiContainer/guiLeft[9729,9736]::guiLeft->field_147003_i
Rename field net/minecraft/client/gui/inventory/GuiContainer/guiTop[9755,9761]::guiTop->field_147009_r
Rename method net/minecraft/client/gui/GuiScreen/actionPerformed (Lnet/minecraft/client/gui/GuiButton;)V[9837,9852]::actionPerformed->func_146284_a
Rename field net/minecraft/client/gui/GuiButton/id[9949,9951]::id->field_146127_k
Rename field net/minecraft/client/gui/GuiButton/id[10014,10016]::id->field_146127_k
Rename method net/minecraft/client/gui/GuiScreen/doesGuiPauseGame ()Z[10078,10094]::doesGuiPauseGame->func_73868_f
Rename field net/minecraft/network/NetHandlerPlayServer/player[10397,10403]::player->field_147369_b
Rename method net/minecraft/entity/player/EntityPlayerMP/getServerWorld ()Lnet/minecraft/world/WorldServer;[10424,10438]::getServerWorld->func_71121_q
Rename method net/minecraft/util/IThreadListener/addScheduledTask (Ljava/lang/Runnable;)Lcom/google/common/util/concurrent/ListenableFuture;[10439,10455]::addScheduledTask->func_152344_a
Rename field net/minecraft/network/NetHandlerPlayServer/player[10926,10932]::player->field_147369_b
Rename method net/minecraft/entity/player/EntityPlayerMP/getServerWorld ()Lnet/minecraft/world/WorldServer;[10953,10967]::getServerWorld->func_71121_q
Rename method net/minecraft/util/IThreadListener/addScheduledTask (Ljava/lang/Runnable;)Lcom/google/common/util/concurrent/ListenableFuture;[10968,10984]::addScheduledTask->func_152344_a
FOUND CONSTR method net/freshmusic/gui/GuiPlayboxgui/GUIButtonPressedMessage/GUIButtonPressedMessage ()V net/freshmusic/gui/GuiPlayboxgui/GUIButtonPressedMessage
FOUND CONSTR method net/freshmusic/gui/GuiPlayboxgui/GUIButtonPressedMessage/GUIButtonPressedMessage (IIII)V net/freshmusic/gui/GuiPlayboxgui/GUIButtonPressedMessage
FOUND CONSTR method net/freshmusic/gui/GuiPlayboxgui/GUISlotChangedMessage/GUISlotChangedMessage ()V net/freshmusic/gui/GuiPlayboxgui/GUISlotChangedMessage
FOUND CONSTR method net/freshmusic/gui/GuiPlayboxgui/GUISlotChangedMessage/GUISlotChangedMessage (IIIIII)V net/freshmusic/gui/GuiPlayboxgui/GUISlotChangedMessage
Rename field net/minecraft/entity/Entity/world[12863,12868]::world->field_70170_p
Rename method net/minecraft/world/World/isBlockLoaded (Lnet/minecraft/util/math/BlockPos;)Z[12953,12966]::isBlockLoaded->func_175667_e
Rename field net/minecraft/entity/Entity/world[13154,13159]::world->field_70170_p
Rename method net/minecraft/world/World/isBlockLoaded (Lnet/minecraft/util/math/BlockPos;)Z[13244,13257]::isBlockLoaded->func_175667_e
Import: org.lwjgl.opengl.GL11
Import: org.lwjgl.input.Keyboard
Import: net.minecraftforge.fml.relauncher.Side
Import: net.minecraftforge.fml.common.network.simpleimpl.MessageContext
Import: net.minecraftforge.fml.common.network.simpleimpl.IMessageHandler
Import: net.minecraftforge.fml.common.network.simpleimpl.IMessage
Import: net.minecraftforge.fml.common.event.FMLPreInitializationEvent
Import: net.minecraft.world.World
Import: net.minecraft.util.math.BlockPos
Import: net.minecraft.util.ResourceLocation
Import: net.minecraft.tileentity.TileEntity
Import: net.minecraft.item.ItemStack
Import: net.minecraft.inventory.Slot
Import: net.minecraft.inventory.InventoryBasic
Import: net.minecraft.inventory.IInventory
Import: net.minecraft.inventory.Container
Import: net.minecraft.entity.player.EntityPlayerMP
Import: net.minecraft.entity.player.EntityPlayer
Import: net.minecraft.client.gui.inventory.GuiContainer
Import: net.minecraft.client.gui.GuiButton
Import: net.freshmusic.Freshmusic
Import: net.freshmusic.ElementsFreshmusic
Import: java.util.function.Supplier
Import: java.util.Map
Import: java.util.HashMap
Import: java.io.IOException
End  Processing: net/freshmusic/gui/GuiPlayboxgui.java

Start Processing: net/freshmusic/item/ItemSamplekasseta.java
New Key: class net/freshmusic/ElementsFreshmusic
New Key: class net/freshmusic/ElementsFreshmusic
New Key: class net/minecraftforge/fml/common/registry/GameRegistry
FOUND CONSTR method net/freshmusic/item/ItemSamplekasseta/ItemSamplekasseta (Lnet/freshmusic/ElementsFreshmusic;)V net/freshmusic/item/ItemSamplekasseta
FOUND CONSTR method net/freshmusic/item/ItemSamplekasseta/ItemCustom/ItemCustom ()V net/freshmusic/item/ItemSamplekasseta/ItemCustom
Rename method net/minecraft/item/Item/setMaxDamage (I)Lnet/minecraft/item/Item;[1506,1518]::setMaxDamage->func_77656_e
Rename field net/minecraft/item/Item/maxStackSize[1527,1539]::maxStackSize->field_77777_bU
Rename method net/minecraft/item/Item/setUnlocalizedName (Ljava/lang/String;)Lnet/minecraft/item/Item;[1551,1569]::setUnlocalizedName->func_77655_b
Rename method net/minecraft/item/Item/setCreativeTab (Lnet/minecraft/creativetab/CreativeTabs;)Lnet/minecraft/item/Item;[1624,1638]::setCreativeTab->func_77637_a
Rename method net/minecraft/item/Item/getItemEnchantability ()I[1694,1715]::getItemEnchantability->func_77619_b
Rename method net/minecraft/item/Item/getMaxItemUseDuration (Lnet/minecraft/item/ItemStack;)I[1759,1780]::getMaxItemUseDuration->func_77626_a
Rename method net/minecraft/item/Item/getDestroySpeed (Lnet/minecraft/item/ItemStack;Lnet/minecraft/block/state/IBlockState;)F[1845,1860]::getDestroySpeed->func_150893_a
Rename method net/minecraft/item/Item/addInformation (Lnet/minecraft/item/ItemStack;Lnet/minecraft/world/World;Ljava/util/List;Lnet/minecraft/client/util/ITooltipFlag;)V[1959,1973]::addInformation->func_77624_a
Rename method net/minecraft/item/Item/addInformation (Lnet/minecraft/item/ItemStack;Lnet/minecraft/world/World;Ljava/util/List;Lnet/minecraft/client/util/ITooltipFlag;)V[2056,2070]::addInformation->func_77624_a
Rename method net/minecraft/item/Item/onCreated (Lnet/minecraft/item/ItemStack;Lnet/minecraft/world/World;Lnet/minecraft/entity/player/EntityPlayer;)V[2218,2227]::onCreated->func_77622_d
Rename method net/minecraft/item/Item/onCreated (Lnet/minecraft/item/ItemStack;Lnet/minecraft/world/World;Lnet/minecraft/entity/player/EntityPlayer;)V[2298,2307]::onCreated->func_77622_d
Rename field net/minecraft/entity/Entity/posX[2363,2367]::posX->field_70165_t
Rename field net/minecraft/entity/Entity/posY[2403,2407]::posY->field_70163_u
Rename field net/minecraft/entity/Entity/posZ[2443,2447]::posZ->field_70161_v
Import: net.minecraftforge.fml.relauncher.SideOnly
Import: net.minecraftforge.fml.relauncher.Side
Import: net.minecraftforge.fml.common.registry.GameRegistry
Import: net.minecraftforge.client.model.ModelLoader
Import: net.minecraftforge.client.event.ModelRegistryEvent
Import: net.minecraft.world.World
Import: net.minecraft.item.ItemStack
Import: net.minecraft.item.Item
Import: net.minecraft.entity.player.EntityPlayer
Import: net.minecraft.client.util.ITooltipFlag
Import: net.minecraft.client.renderer.block.model.ModelResourceLocation
Import: net.minecraft.block.state.IBlockState
Import: net.freshmusic.procedure.ProcedureSamplekcreated
Import: net.freshmusic.creativetab.TabFreshmusictab
Import: net.freshmusic.ElementsFreshmusic
Import: java.util.List
End  Processing: net/freshmusic/item/ItemSamplekasseta.java

Start Processing: net/freshmusic/procedure/ProcedureSamplekcreated.java
New Key: class net/freshmusic/ElementsFreshmusic
New Key: class net/freshmusic/ElementsFreshmusic
FOUND CONSTR method net/freshmusic/procedure/ProcedureSamplekcreated/ProcedureSamplekcreated (Lnet/freshmusic/ElementsFreshmusic;)V net/freshmusic/procedure/ProcedureSamplekcreated
Rename method net/minecraft/item/ItemStack/hasTagCompound ()Z[741,755]::hasTagCompound->func_77942_o
Rename method net/minecraft/item/ItemStack/setTagCompound (Lnet/minecraft/nbt/NBTTagCompound;)V[769,783]::setTagCompound->func_77982_d
Rename method net/minecraft/item/ItemStack/getTagCompound ()Lnet/minecraft/nbt/NBTTagCompound;[816,830]::getTagCompound->func_77978_p
Rename method net/minecraft/nbt/NBTTagCompound/setDouble (Ljava/lang/String;D)V[831,840]::setDouble->func_74780_a
Rename method net/minecraft/item/ItemStack/hasTagCompound ()Z[926,940]::hasTagCompound->func_77942_o
Rename method net/minecraft/item/ItemStack/setTagCompound (Lnet/minecraft/nbt/NBTTagCompound;)V[954,968]::setTagCompound->func_77982_d
Rename method net/minecraft/item/ItemStack/getTagCompound ()Lnet/minecraft/nbt/NBTTagCompound;[1001,1015]::getTagCompound->func_77978_p
Rename method net/minecraft/nbt/NBTTagCompound/setString (Ljava/lang/String;Ljava/lang/String;)V[1016,1025]::setString->func_74778_a
Import: net.minecraft.nbt.NBTTagCompound
Import: net.minecraft.item.ItemStack
Import: net.freshmusic.ElementsFreshmusic
End  Processing: net/freshmusic/procedure/ProcedureSamplekcreated.java

